  INFO ---------------------------------------------------------------------------
  INFO START 2020-09-09 16:50:25 +0900 cap production deploy
  INFO ---------------------------------------------------------------------------
  INFO ---------------------------------------------------------------------------
  INFO START 2020-09-09 16:51:50 +0900 cap production deploy
  INFO ---------------------------------------------------------------------------
  INFO ---------------------------------------------------------------------------
  INFO START 2020-09-09 16:54:18 +0900 cap production deploy
  INFO ---------------------------------------------------------------------------
  INFO ---------------------------------------------------------------------------
  INFO START 2020-09-09 18:22:25 +0900 cap production deploy
  INFO ---------------------------------------------------------------------------
  INFO ---------------------------------------------------------------------------
  INFO START 2020-09-09 18:55:14 +0900 cap production deploy
  INFO ---------------------------------------------------------------------------
  INFO ---------------------------------------------------------------------------
  INFO START 2020-09-10 11:58:50 +0900 cap production deploy
  INFO ---------------------------------------------------------------------------
  INFO ---------------------------------------------------------------------------
  INFO START 2020-09-10 12:01:21 +0900 cap production deploy
  INFO ---------------------------------------------------------------------------
  INFO ---------------------------------------------------------------------------
  INFO START 2020-09-10 23:30:22 +0900 cap production deploy
  INFO ---------------------------------------------------------------------------
  INFO ---------------------------------------------------------------------------
  INFO START 2020-09-10 23:33:46 +0900 cap production deploy
  INFO ---------------------------------------------------------------------------
  INFO ---------------------------------------------------------------------------
  INFO START 2020-09-11 00:03:53 +0900 cap production deploy
  INFO ---------------------------------------------------------------------------
  INFO ---------------------------------------------------------------------------
  INFO START 2020-09-11 00:48:54 +0900 cap production deploy
  INFO ---------------------------------------------------------------------------
  INFO ---------------------------------------------------------------------------
  INFO START 2020-09-11 00:57:45 +0900 cap production deploy
  INFO ---------------------------------------------------------------------------
  INFO ---------------------------------------------------------------------------
  INFO START 2020-09-11 16:17:39 +0900 cap production deploy
  INFO ---------------------------------------------------------------------------
  INFO ---------------------------------------------------------------------------
  INFO START 2020-09-11 16:52:14 +0900 cap production deploy
  INFO ---------------------------------------------------------------------------
  INFO ---------------------------------------------------------------------------
  INFO START 2020-09-11 16:55:07 +0900 cap production deploy
  INFO ---------------------------------------------------------------------------
  INFO ---------------------------------------------------------------------------
  INFO START 2020-09-11 20:10:17 +0900 cap production deploy
  INFO ---------------------------------------------------------------------------
  INFO ---------------------------------------------------------------------------
  INFO START 2020-09-12 00:04:04 +0900 cap production deploy
  INFO ---------------------------------------------------------------------------
  INFO ---------------------------------------------------------------------------
  INFO START 2020-09-12 12:30:08 +0900 cap production deploy
  INFO ---------------------------------------------------------------------------
  INFO ---------------------------------------------------------------------------
  INFO START 2020-09-12 12:50:22 +0900 cap production deploy
  INFO ---------------------------------------------------------------------------
  INFO ---------------------------------------------------------------------------
  INFO START 2020-09-12 18:08:37 +0900 cap production deploy:assets:precompile
  INFO ---------------------------------------------------------------------------
  INFO ---------------------------------------------------------------------------
  INFO START 2020-09-12 18:09:18 +0900 cap production deploy
  INFO ---------------------------------------------------------------------------
  INFO ---------------------------------------------------------------------------
  INFO START 2020-09-17 17:10:37 +0900 cap production deploy
  INFO ---------------------------------------------------------------------------
  INFO ---------------------------------------------------------------------------
  INFO START 2020-09-17 17:50:05 +0900 cap production deploy
  INFO ---------------------------------------------------------------------------
  INFO ---------------------------------------------------------------------------
  INFO START 2020-09-17 19:50:14 +0900 cap production deploy
  INFO ---------------------------------------------------------------------------
  INFO ---------------------------------------------------------------------------
  INFO START 2020-09-17 20:14:23 +0900 cap production deploy
  INFO ---------------------------------------------------------------------------
  INFO ---------------------------------------------------------------------------
  INFO START 2020-09-17 20:46:14 +0900 cap production deploy
  INFO ---------------------------------------------------------------------------
  INFO ---------------------------------------------------------------------------
  INFO START 2020-09-17 20:57:37 +0900 cap production deploy
  INFO ---------------------------------------------------------------------------
  INFO ---------------------------------------------------------------------------
  INFO START 2020-09-17 21:02:18 +0900 cap production deploy
  INFO ---------------------------------------------------------------------------
  INFO ---------------------------------------------------------------------------
  INFO START 2020-09-17 23:36:22 +0900 cap production deploy
  INFO ---------------------------------------------------------------------------
  INFO ---------------------------------------------------------------------------
  INFO START 2020-09-17 23:51:39 +0900 cap production deploy
  INFO ---------------------------------------------------------------------------
  INFO ---------------------------------------------------------------------------
  INFO START 2020-09-17 23:58:01 +0900 cap production deploy
  INFO ---------------------------------------------------------------------------
  INFO ---------------------------------------------------------------------------
  INFO START 2020-09-18 00:04:08 +0900 cap production deploy
  INFO ---------------------------------------------------------------------------
  INFO ---------------------------------------------------------------------------
  INFO START 2020-09-18 00:14:57 +0900 cap production deploy
  INFO ---------------------------------------------------------------------------
  INFO ---------------------------------------------------------------------------
  INFO START 2020-09-20 17:07:38 +0900 cap production deploy
  INFO ---------------------------------------------------------------------------
  INFO ---------------------------------------------------------------------------
  INFO START 2020-09-20 17:12:43 +0900 cap production deploy
  INFO ---------------------------------------------------------------------------
  INFO ---------------------------------------------------------------------------
  INFO START 2020-09-20 17:21:12 +0900 cap production deploy
  INFO ---------------------------------------------------------------------------
 ERROR linked file /var/www/purchase_app/shared/config/database.yml does not exist on 3.128.111.52
  INFO ---------------------------------------------------------------------------
  INFO START 2020-09-20 17:31:12 +0900 cap production deploy
  INFO ---------------------------------------------------------------------------
 ERROR linked file /var/www/purchase_app/shared/config/database.yml does not exist on 3.128.111.52
  INFO ---------------------------------------------------------------------------
  INFO START 2020-09-20 17:36:52 +0900 cap production deploy
  INFO ---------------------------------------------------------------------------
 ERROR linked file /var/www/purchase_app/shared/config/database.yml does not exist on 3.128.111.52
  INFO ---------------------------------------------------------------------------
  INFO START 2020-09-20 17:53:23 +0900 cap production deploy
  INFO ---------------------------------------------------------------------------
 ERROR linked file /var/www/purchase_app/shared/config/secrets.yml does not exist on 3.128.111.52
  INFO ---------------------------------------------------------------------------
  INFO START 2020-09-20 17:57:14 +0900 cap production deploy
  INFO ---------------------------------------------------------------------------
 ERROR linked file /var/www/purchase_app/shared/config/secrets.yml does not exist on 3.128.111.52
  INFO ---------------------------------------------------------------------------
  INFO START 2020-09-20 18:07:05 +0900 cap production deploy
  INFO ---------------------------------------------------------------------------
 ERROR linked file /var/www/purchase_app/shared/shared/config/database.yml does not exist on 3.128.111.52
  INFO ---------------------------------------------------------------------------
  INFO START 2020-09-20 18:08:27 +0900 cap production deploy
  INFO ---------------------------------------------------------------------------
 ERROR linked file /var/www/purchase_app/shared/config/secrets.yml does not exist on 3.128.111.52
  INFO ---------------------------------------------------------------------------
  INFO START 2020-09-20 18:09:40 +0900 cap production deploy
  INFO ---------------------------------------------------------------------------
 ERROR linked file /var/www/purchase_app/shared/current/config/database.yml does not exist on 3.128.111.52
  INFO ---------------------------------------------------------------------------
  INFO START 2020-09-20 18:15:42 +0900 cap production deploy
  INFO ---------------------------------------------------------------------------
 ERROR linked file /var/www/purchase_app/shared/config/secrets.yml does not exist on 3.128.111.52
  INFO ---------------------------------------------------------------------------
  INFO START 2020-09-20 18:18:54 +0900 cap production deploy
  INFO ---------------------------------------------------------------------------
  INFO ---------------------------------------------------------------------------
  INFO START 2020-09-20 18:21:39 +0900 cap production deploy
  INFO ---------------------------------------------------------------------------
  INFO ---------------------------------------------------------------------------
  INFO START 2020-09-20 18:26:32 +0900 cap production deploy
  INFO ---------------------------------------------------------------------------
  INFO ---------------------------------------------------------------------------
  INFO START 2020-09-20 18:36:19 +0900 cap production deploy
  INFO ---------------------------------------------------------------------------
  INFO ---------------------------------------------------------------------------
  INFO START 2020-09-20 18:44:49 +0900 cap production deploy
  INFO ---------------------------------------------------------------------------
  INFO ---------------------------------------------------------------------------
  INFO START 2020-09-20 19:54:50 +0900 cap production deploy:db_create
  INFO ---------------------------------------------------------------------------
 DEBUG [e52d7894] Running [ -d $HOME/.rbenv/versions/2.6.3 ] as ichihara@3.128.111.52
 DEBUG [e52d7894] Command: [ -d $HOME/.rbenv/versions/2.6.3 ]
 DEBUG [e52d7894] Finished in 3.321 seconds with exit status 0 (successful).
 DEBUG [157990e2] Running if test ! -d /var/www/purchase_app/current; then echo "Directory does not exist '/var/www/purchase_app/current'" 1>&2; false; fi as ichihara@3.128.111.52
 DEBUG [157990e2] Command: if test ! -d /var/www/purchase_app/current; then echo "Directory does not exist '/var/www/purchase_app/current'" 1>&2; false; fi
 DEBUG [157990e2] Finished in 0.714 seconds with exit status 0 (successful).
  INFO [c04eb45a] Running $HOME/.rbenv/bin/rbenv exec bundle exec rake db:create as ichihara@3.128.111.52
 DEBUG [c04eb45a] Command: cd /var/www/purchase_app/current && ( export RBENV_ROOT="$HOME/.rbenv" RBENV_VERSION="2.6.3" RAILS_ENV="production" ; $HOME/.rbenv/bin/rbenv exec bundle exec rake db:create )
 DEBUG [c04eb45a] 	bundler: failed to load command: rake (/home/ichihara/.rbenv/versions/2.6.3/bin/rake)
 DEBUG [c04eb45a] 	Bundler::GemNotFound: Could not find nokogiri-1.10.10 in any of the sources
  /home/ichihara/.rbenv/versions/2.6.3/lib/ruby/2.6.0/bundler/spec_set.rb:91:in `block in materialize'
  /home/ichihara/.rbenv/versions/2.6.3/lib/ruby/2.6.0/bundler/spec_set.rb:85:in `map!'
  /home/ichihara/.rbenv/versions/2.6.3/lib/ruby/2.6.0/bundler/spec_set.rb:85:in `materialize'
  /home/ichihara/.rbenv/versions/2.6.3/lib/ruby/2.6.0/bundler/definition.rb:170:in `specs'
  /home/ichihara/.rbenv/versions/2.6.3/lib/ruby/2.6.0/bundler/definition.rb:237:in `specs_for'
  /home/ichihara/.rbenv/versions/2.6.3/lib/ruby/2.6.0/bundler/definition.rb:226:in `requested_specs'
  /home/ichihara/.rbenv/versions/2.6.3/lib/ruby/2.6.0/bundler/runtime.rb:108:in `block in definition_method'
  /home/ichihara/.rbenv/versions/2.6.3/lib/ruby/2.6.0/bundler/runtime.rb:20:in `setup'
  /home/ichihara/.rbenv/versions/2.6.3/lib/ruby/2.6.0/bundler.rb:107:in `setup'
  /home/ichihara/.rbenv/versions/2.6.3/lib/ruby/2.6.0/bundler/setup.rb:20:in `<top (required)>'
  /home/ichihara/.rbenv/versions/2.6.3/lib/ruby/2.6.0/rubygems/core_ext/kernel_require.rb:54:in `require'
  /home/ichihara/.rbenv/versions/2.6.3/lib/ruby/2.6.0/rubygems/core_ext/kernel_require.rb:54:in `require'
